<?xml version="1.0" encoding="UTF-8"?>
<!-- Generated by org.testng.reporters.JUnitReportReporter -->
<testsuite hostname="Shilnas-MacBook-Air.local" failures="0" tests="1" name="test.Firstpagetest" time="9.785" errors="0" timestamp="2023-07-22T07:23:23 IST" skipped="0">
  <testcase classname="test.Firstpagetest" name="testlogin" time="9.785"/>
</testsuite> <!-- test.Firstpagetest -->
