<?xml version="1.0" encoding="UTF-8"?>
<!-- Generated by org.testng.reporters.JUnitReportReporter -->
<testsuite hostname="Shilnas-MacBook-Air.local" failures="0" tests="1" name="test.HomePageTest" time="2.833" errors="0" timestamp="2023-07-27T00:45:17 IST" skipped="0">
  <testcase classname="test.HomePageTest" name="clickonlink" time="2.833"/>
</testsuite> <!-- test.HomePageTest -->
